{"C:\\Users\\ojesa\\Documents\\microverse-2022\\To-do-list\\src\\clear.js": {"path":"C:\\Users\\ojesa\\Documents\\microverse-2022\\To-do-list\\src\\clear.js","statementMap":{"0":{"start":{"line":7,"column":17},"end":{"line":19,"column":1}},"1":{"start":{"line":8,"column":20},"end":{"line":8,"column":60}},"2":{"start":{"line":9,"column":24},"end":{"line":9,"column":63}},"3":{"start":{"line":10,"column":2},"end":{"line":14,"column":5}},"4":{"start":{"line":11,"column":4},"end":{"line":13,"column":5}},"5":{"start":{"line":12,"column":6},"end":{"line":12,"column":20}},"6":{"start":{"line":15,"column":14},"end":{"line":15,"column":15}},"7":{"start":{"line":16,"column":15},"end":{"line":16,"column":73}},"8":{"start":{"line":16,"column":51},"end":{"line":16,"column":72}},"9":{"start":{"line":17,"column":2},"end":{"line":17,"column":40}},"10":{"start":{"line":17,"column":18},"end":{"line":17,"column":38}},"11":{"start":{"line":18,"column":2},"end":{"line":18,"column":19}}},"fnMap":{"0":{"name":"(anonymous_0)","decl":{"start":{"line":7,"column":17},"end":{"line":7,"column":18}},"loc":{"start":{"line":7,"column":23},"end":{"line":19,"column":1}},"line":7},"1":{"name":"(anonymous_1)","decl":{"start":{"line":10,"column":24},"end":{"line":10,"column":25}},"loc":{"start":{"line":10,"column":31},"end":{"line":14,"column":3}},"line":10},"2":{"name":"(anonymous_2)","decl":{"start":{"line":16,"column":44},"end":{"line":16,"column":45}},"loc":{"start":{"line":16,"column":51},"end":{"line":16,"column":72}},"line":16},"3":{"name":"(anonymous_3)","decl":{"start":{"line":17,"column":11},"end":{"line":17,"column":12}},"loc":{"start":{"line":17,"column":18},"end":{"line":17,"column":38}},"line":17}},"branchMap":{"0":{"loc":{"start":{"line":11,"column":4},"end":{"line":13,"column":5}},"type":"if","locations":[{"start":{"line":11,"column":4},"end":{"line":13,"column":5}},{"start":{},"end":{}}],"line":11}},"s":{"0":1,"1":1,"2":1,"3":1,"4":0,"5":0,"6":1,"7":1,"8":3,"9":1,"10":1,"11":1},"f":{"0":1,"1":0,"2":3,"3":1},"b":{"0":[0,0]},"_coverageSchema":"1a1c01bbd47fc00a2c39e90264f33305004495a9","hash":"46c7bdc437ee47986667731b9e385e87bad8830e"}
,"C:\\Users\\ojesa\\Documents\\microverse-2022\\To-do-list\\src\\crud-methods.js": {"path":"C:\\Users\\ojesa\\Documents\\microverse-2022\\To-do-list\\src\\crud-methods.js","statementMap":{"0":{"start":{"line":7,"column":17},"end":{"line":7,"column":50}},"1":{"start":{"line":11,"column":4},"end":{"line":11,"column":35}},"2":{"start":{"line":12,"column":4},"end":{"line":12,"column":31}},"3":{"start":{"line":13,"column":4},"end":{"line":13,"column":23}},"4":{"start":{"line":17,"column":12},"end":{"line":17,"column":14}},"5":{"start":{"line":18,"column":16},"end":{"line":60,"column":1}},"6":{"start":{"line":19,"column":20},"end":{"line":19,"column":60}},"7":{"start":{"line":20,"column":2},"end":{"line":20,"column":38}},"8":{"start":{"line":20,"column":23},"end":{"line":20,"column":36}},"9":{"start":{"line":21,"column":24},"end":{"line":21,"column":53}},"10":{"start":{"line":22,"column":2},"end":{"line":22,"column":40}},"11":{"start":{"line":23,"column":2},"end":{"line":28,"column":4}},"12":{"start":{"line":29,"column":2},"end":{"line":29,"column":38}},"13":{"start":{"line":31,"column":19},"end":{"line":31,"column":57}},"14":{"start":{"line":32,"column":2},"end":{"line":40,"column":5}},"15":{"start":{"line":33,"column":4},"end":{"line":39,"column":7}},"16":{"start":{"line":34,"column":6},"end":{"line":34,"column":61}},"17":{"start":{"line":35,"column":6},"end":{"line":35,"column":61}},"18":{"start":{"line":36,"column":6},"end":{"line":36,"column":71}},"19":{"start":{"line":37,"column":6},"end":{"line":37,"column":95}},"20":{"start":{"line":38,"column":6},"end":{"line":38,"column":22}},"21":{"start":{"line":42,"column":18},"end":{"line":42,"column":61}},"22":{"start":{"line":43,"column":2},"end":{"line":43,"column":22}},"23":{"start":{"line":44,"column":2},"end":{"line":44,"column":20}},"24":{"start":{"line":46,"column":15},"end":{"line":46,"column":65}},"25":{"start":{"line":47,"column":2},"end":{"line":52,"column":5}},"26":{"start":{"line":48,"column":4},"end":{"line":51,"column":7}},"27":{"start":{"line":49,"column":6},"end":{"line":49,"column":56}},"28":{"start":{"line":50,"column":6},"end":{"line":50,"column":58}},"29":{"start":{"line":54,"column":17},"end":{"line":54,"column":59}},"30":{"start":{"line":55,"column":2},"end":{"line":59,"column":5}},"31":{"start":{"line":56,"column":4},"end":{"line":58,"column":7}},"32":{"start":{"line":57,"column":6},"end":{"line":57,"column":34}},"33":{"start":{"line":62,"column":19},"end":{"line":70,"column":1}},"34":{"start":{"line":63,"column":19},"end":{"line":63,"column":52}},"35":{"start":{"line":64,"column":2},"end":{"line":64,"column":29}},"36":{"start":{"line":65,"column":14},"end":{"line":65,"column":15}},"37":{"start":{"line":66,"column":20},"end":{"line":66,"column":60}},"38":{"start":{"line":67,"column":15},"end":{"line":67,"column":73}},"39":{"start":{"line":67,"column":51},"end":{"line":67,"column":72}},"40":{"start":{"line":68,"column":2},"end":{"line":68,"column":40}},"41":{"start":{"line":68,"column":18},"end":{"line":68,"column":38}},"42":{"start":{"line":69,"column":2},"end":{"line":69,"column":19}},"43":{"start":{"line":72,"column":17},"end":{"line":93,"column":1}},"44":{"start":{"line":73,"column":19},"end":{"line":73,"column":50}},"45":{"start":{"line":74,"column":2},"end":{"line":74,"column":25}},"46":{"start":{"line":75,"column":2},"end":{"line":75,"column":34}},"47":{"start":{"line":76,"column":2},"end":{"line":76,"column":36}},"48":{"start":{"line":77,"column":2},"end":{"line":77,"column":45}},"49":{"start":{"line":78,"column":2},"end":{"line":92,"column":5}},"50":{"start":{"line":79,"column":4},"end":{"line":91,"column":5}},"51":{"start":{"line":80,"column":29},"end":{"line":80,"column":68}},"52":{"start":{"line":81,"column":24},"end":{"line":81,"column":64}},"53":{"start":{"line":82,"column":6},"end":{"line":87,"column":7}},"54":{"start":{"line":82,"column":19},"end":{"line":82,"column":20}},"55":{"start":{"line":83,"column":8},"end":{"line":86,"column":9}},"56":{"start":{"line":84,"column":10},"end":{"line":84,"column":52}},"57":{"start":{"line":85,"column":10},"end":{"line":85,"column":32}},"58":{"start":{"line":88,"column":6},"end":{"line":88,"column":68}},"59":{"start":{"line":89,"column":6},"end":{"line":89,"column":49}},"60":{"start":{"line":90,"column":6},"end":{"line":90,"column":40}},"61":{"start":{"line":96,"column":19},"end":{"line":138,"column":1}},"62":{"start":{"line":97,"column":15},"end":{"line":97,"column":55}},"63":{"start":{"line":98,"column":2},"end":{"line":100,"column":3}},"64":{"start":{"line":99,"column":4},"end":{"line":99,"column":53}},"65":{"start":{"line":101,"column":2},"end":{"line":119,"column":5}},"66":{"start":{"line":102,"column":26},"end":{"line":102,"column":55}},"67":{"start":{"line":103,"column":4},"end":{"line":103,"column":42}},"68":{"start":{"line":104,"column":4},"end":{"line":109,"column":6}},"69":{"start":{"line":110,"column":4},"end":{"line":110,"column":40}},"70":{"start":{"line":112,"column":17},"end":{"line":112,"column":67}},"71":{"start":{"line":113,"column":4},"end":{"line":118,"column":7}},"72":{"start":{"line":114,"column":6},"end":{"line":117,"column":9}},"73":{"start":{"line":115,"column":8},"end":{"line":115,"column":58}},"74":{"start":{"line":116,"column":8},"end":{"line":116,"column":60}},"75":{"start":{"line":121,"column":19},"end":{"line":121,"column":57}},"76":{"start":{"line":122,"column":2},"end":{"line":130,"column":5}},"77":{"start":{"line":123,"column":4},"end":{"line":129,"column":7}},"78":{"start":{"line":124,"column":6},"end":{"line":124,"column":61}},"79":{"start":{"line":125,"column":6},"end":{"line":125,"column":61}},"80":{"start":{"line":126,"column":6},"end":{"line":126,"column":71}},"81":{"start":{"line":127,"column":6},"end":{"line":127,"column":95}},"82":{"start":{"line":128,"column":6},"end":{"line":128,"column":22}},"83":{"start":{"line":132,"column":17},"end":{"line":132,"column":59}},"84":{"start":{"line":133,"column":2},"end":{"line":137,"column":5}},"85":{"start":{"line":134,"column":4},"end":{"line":136,"column":7}},"86":{"start":{"line":135,"column":6},"end":{"line":135,"column":34}},"87":{"start":{"line":140,"column":0},"end":{"line":142,"column":3}},"88":{"start":{"line":141,"column":2},"end":{"line":141,"column":15}},"89":{"start":{"line":144,"column":22},"end":{"line":155,"column":1}},"90":{"start":{"line":145,"column":20},"end":{"line":145,"column":60}},"91":{"start":{"line":146,"column":19},"end":{"line":146,"column":52}},"92":{"start":{"line":147,"column":2},"end":{"line":153,"column":3}},"93":{"start":{"line":147,"column":15},"end":{"line":147,"column":16}},"94":{"start":{"line":148,"column":4},"end":{"line":152,"column":5}},"95":{"start":{"line":149,"column":6},"end":{"line":149,"column":36}},"96":{"start":{"line":151,"column":6},"end":{"line":151,"column":37}},"97":{"start":{"line":154,"column":2},"end":{"line":154,"column":24}}},"fnMap":{"0":{"name":"(anonymous_0)","decl":{"start":{"line":10,"column":2},"end":{"line":10,"column":3}},"loc":{"start":{"line":10,"column":45},"end":{"line":14,"column":3}},"line":10},"1":{"name":"(anonymous_1)","decl":{"start":{"line":18,"column":16},"end":{"line":18,"column":17}},"loc":{"start":{"line":18,"column":31},"end":{"line":60,"column":1}},"line":18},"2":{"name":"(anonymous_2)","decl":{"start":{"line":20,"column":16},"end":{"line":20,"column":17}},"loc":{"start":{"line":20,"column":23},"end":{"line":20,"column":36}},"line":20},"3":{"name":"(anonymous_3)","decl":{"start":{"line":32,"column":19},"end":{"line":32,"column":20}},"loc":{"start":{"line":32,"column":26},"end":{"line":40,"column":3}},"line":32},"4":{"name":"(anonymous_4)","decl":{"start":{"line":33,"column":33},"end":{"line":33,"column":34}},"loc":{"start":{"line":33,"column":39},"end":{"line":39,"column":5}},"line":33},"5":{"name":"(anonymous_5)","decl":{"start":{"line":47,"column":15},"end":{"line":47,"column":16}},"loc":{"start":{"line":47,"column":22},"end":{"line":52,"column":3}},"line":47},"6":{"name":"(anonymous_6)","decl":{"start":{"line":48,"column":32},"end":{"line":48,"column":33}},"loc":{"start":{"line":48,"column":38},"end":{"line":51,"column":5}},"line":48},"7":{"name":"(anonymous_7)","decl":{"start":{"line":55,"column":17},"end":{"line":55,"column":18}},"loc":{"start":{"line":55,"column":24},"end":{"line":59,"column":3}},"line":55},"8":{"name":"(anonymous_8)","decl":{"start":{"line":56,"column":32},"end":{"line":56,"column":33}},"loc":{"start":{"line":56,"column":38},"end":{"line":58,"column":5}},"line":56},"9":{"name":"(anonymous_9)","decl":{"start":{"line":62,"column":19},"end":{"line":62,"column":20}},"loc":{"start":{"line":62,"column":29},"end":{"line":70,"column":1}},"line":62},"10":{"name":"(anonymous_10)","decl":{"start":{"line":67,"column":44},"end":{"line":67,"column":45}},"loc":{"start":{"line":67,"column":51},"end":{"line":67,"column":72}},"line":67},"11":{"name":"(anonymous_11)","decl":{"start":{"line":68,"column":11},"end":{"line":68,"column":12}},"loc":{"start":{"line":68,"column":18},"end":{"line":68,"column":38}},"line":68},"12":{"name":"(anonymous_12)","decl":{"start":{"line":72,"column":17},"end":{"line":72,"column":18}},"loc":{"start":{"line":72,"column":42},"end":{"line":93,"column":1}},"line":72},"13":{"name":"(anonymous_13)","decl":{"start":{"line":78,"column":40},"end":{"line":78,"column":41}},"loc":{"start":{"line":78,"column":47},"end":{"line":92,"column":3}},"line":78},"14":{"name":"(anonymous_14)","decl":{"start":{"line":96,"column":19},"end":{"line":96,"column":20}},"loc":{"start":{"line":96,"column":25},"end":{"line":138,"column":1}},"line":96},"15":{"name":"(anonymous_15)","decl":{"start":{"line":101,"column":11},"end":{"line":101,"column":12}},"loc":{"start":{"line":101,"column":18},"end":{"line":119,"column":3}},"line":101},"16":{"name":"(anonymous_16)","decl":{"start":{"line":113,"column":17},"end":{"line":113,"column":18}},"loc":{"start":{"line":113,"column":24},"end":{"line":118,"column":5}},"line":113},"17":{"name":"(anonymous_17)","decl":{"start":{"line":114,"column":34},"end":{"line":114,"column":35}},"loc":{"start":{"line":114,"column":40},"end":{"line":117,"column":7}},"line":114},"18":{"name":"(anonymous_18)","decl":{"start":{"line":122,"column":19},"end":{"line":122,"column":20}},"loc":{"start":{"line":122,"column":26},"end":{"line":130,"column":3}},"line":122},"19":{"name":"(anonymous_19)","decl":{"start":{"line":123,"column":33},"end":{"line":123,"column":34}},"loc":{"start":{"line":123,"column":39},"end":{"line":129,"column":5}},"line":123},"20":{"name":"(anonymous_20)","decl":{"start":{"line":133,"column":17},"end":{"line":133,"column":18}},"loc":{"start":{"line":133,"column":24},"end":{"line":137,"column":3}},"line":133},"21":{"name":"(anonymous_21)","decl":{"start":{"line":134,"column":32},"end":{"line":134,"column":33}},"loc":{"start":{"line":134,"column":38},"end":{"line":136,"column":5}},"line":134},"22":{"name":"(anonymous_22)","decl":{"start":{"line":140,"column":32},"end":{"line":140,"column":33}},"loc":{"start":{"line":140,"column":38},"end":{"line":142,"column":1}},"line":140},"23":{"name":"(anonymous_23)","decl":{"start":{"line":144,"column":22},"end":{"line":144,"column":23}},"loc":{"start":{"line":144,"column":28},"end":{"line":155,"column":1}},"line":144}},"branchMap":{"0":{"loc":{"start":{"line":79,"column":4},"end":{"line":91,"column":5}},"type":"if","locations":[{"start":{"line":79,"column":4},"end":{"line":91,"column":5}},{"start":{},"end":{}}],"line":79},"1":{"loc":{"start":{"line":83,"column":8},"end":{"line":86,"column":9}},"type":"if","locations":[{"start":{"line":83,"column":8},"end":{"line":86,"column":9}},{"start":{},"end":{}}],"line":83},"2":{"loc":{"start":{"line":98,"column":2},"end":{"line":100,"column":3}},"type":"if","locations":[{"start":{"line":98,"column":2},"end":{"line":100,"column":3}},{"start":{},"end":{}}],"line":98},"3":{"loc":{"start":{"line":148,"column":4},"end":{"line":152,"column":5}},"type":"if","locations":[{"start":{"line":148,"column":4},"end":{"line":152,"column":5}},{"start":{"line":150,"column":11},"end":{"line":152,"column":5}}],"line":148}},"s":{"0":2,"1":0,"2":0,"3":0,"4":2,"5":2,"6":0,"7":0,"8":0,"9":0,"10":0,"11":0,"12":0,"13":0,"14":0,"15":0,"16":0,"17":0,"18":0,"19":0,"20":0,"21":0,"22":0,"23":0,"24":0,"25":0,"26":0,"27":0,"28":0,"29":0,"30":0,"31":0,"32":0,"33":2,"34":1,"35":1,"36":1,"37":1,"38":1,"39":3,"40":1,"41":2,"42":1,"43":2,"44":0,"45":0,"46":0,"47":0,"48":0,"49":0,"50":0,"51":0,"52":0,"53":0,"54":0,"55":0,"56":0,"57":0,"58":0,"59":0,"60":0,"61":2,"62":0,"63":0,"64":0,"65":0,"66":0,"67":0,"68":0,"69":0,"70":0,"71":0,"72":0,"73":0,"74":0,"75":0,"76":0,"77":0,"78":0,"79":0,"80":0,"81":0,"82":0,"83":0,"84":0,"85":0,"86":0,"87":2,"88":0,"89":2,"90":2,"91":2,"92":2,"93":2,"94":0,"95":0,"96":0,"97":2},"f":{"0":0,"1":0,"2":0,"3":0,"4":0,"5":0,"6":0,"7":0,"8":0,"9":1,"10":3,"11":2,"12":0,"13":0,"14":0,"15":0,"16":0,"17":0,"18":0,"19":0,"20":0,"21":0,"22":0,"23":2},"b":{"0":[0,0],"1":[0,0],"2":[0,0],"3":[0,0]},"_coverageSchema":"1a1c01bbd47fc00a2c39e90264f33305004495a9","hash":"6a1dad69ce5af6f14650a973634999443ca6edb2"}
,"C:\\Users\\ojesa\\Documents\\microverse-2022\\To-do-list\\src\\storage.js": {"path":"C:\\Users\\ojesa\\Documents\\microverse-2022\\To-do-list\\src\\storage.js","statementMap":{"0":{"start":{"line":1,"column":19},"end":{"line":3,"column":1}},"1":{"start":{"line":2,"column":2},"end":{"line":2,"column":53}}},"fnMap":{"0":{"name":"(anonymous_0)","decl":{"start":{"line":1,"column":19},"end":{"line":1,"column":20}},"loc":{"start":{"line":1,"column":29},"end":{"line":3,"column":1}},"line":1}},"branchMap":{},"s":{"0":2,"1":4},"f":{"0":4},"b":{},"_coverageSchema":"1a1c01bbd47fc00a2c39e90264f33305004495a9","hash":"8cf850af90b6ebe5b48a8bd74373417b3c5c5326"}
}
